c:\users\auddin200\documents\github\gp2\build\gp2.dir\debug\vc120.pdb
c:\users\auddin200\documents\github\gp2\build\gp2.dir\debug\material.obj
c:\users\auddin200\documents\github\gp2\build\gp2.dir\debug\mesh.obj
c:\users\auddin200\documents\github\gp2\build\gp2.dir\debug\gameobject.obj
c:\users\auddin200\documents\github\gp2\build\gp2.dir\debug\filesystem.obj
c:\users\auddin200\documents\github\gp2\build\gp2.dir\debug\fbxloader.obj
c:\users\auddin200\documents\github\gp2\build\gp2.dir\debug\texture.obj
c:\users\auddin200\documents\github\gp2\build\gp2.dir\debug\shader.obj
c:\users\auddin200\documents\github\gp2\build\gp2.dir\debug\graphics.obj
c:\users\auddin200\documents\github\gp2\build\gp2.dir\debug\main.obj
c:\users\auddin200\documents\github\gp2\build\cmakefiles\generate.stamp
c:\users\auddin200\documents\github\gp2\build\debug\gp2.ilk
c:\users\auddin200\documents\github\gp2\build\debug\gp2.exe
c:\users\auddin200\documents\github\gp2\build\debug\gp2.pdb
c:\users\auddin200\documents\github\gp2\build\gp2.dir\debug\gp2.tlog\cl.command.1.tlog
c:\users\auddin200\documents\github\gp2\build\gp2.dir\debug\gp2.tlog\cl.read.1.tlog
c:\users\auddin200\documents\github\gp2\build\gp2.dir\debug\gp2.tlog\cl.write.1.tlog
c:\users\auddin200\documents\github\gp2\build\gp2.dir\debug\gp2.tlog\custombuild.command.1.tlog
c:\users\auddin200\documents\github\gp2\build\gp2.dir\debug\gp2.tlog\custombuild.read.1.tlog
c:\users\auddin200\documents\github\gp2\build\gp2.dir\debug\gp2.tlog\custombuild.write.1.tlog
c:\users\auddin200\documents\github\gp2\build\gp2.dir\debug\gp2.tlog\link.command.1.tlog
c:\users\auddin200\documents\github\gp2\build\gp2.dir\debug\gp2.tlog\link.read.1.tlog
c:\users\auddin200\documents\github\gp2\build\gp2.dir\debug\gp2.tlog\link.write.1.tlog
